cultraview/NewSettings/device/build/intermediates/manifest_merge_blame_file/debug/manifest-merger-blame-debug-report.txt
1<?xml version="1.0" encoding="utf-8"?>
2<manifest xmlns:android="http://schemas.android.com/apk/res/android"
3    package="com.ctv.settings.security"
4    android:sharedUserId="android.uid.system"
5    android:versionCode="1"
6    android:versionName="1.0" >
7
8    <uses-sdk
9        android:minSdkVersion="23"
9-->src/main/AndroidManifest.xml
10        android:targetSdkVersion="28" />
10-->src/main/AndroidManifest.xml
11
12    <uses-permission android:name="android.permission.SET_WALLPAPER" />
12-->src/main/AndroidManifest.xml:6:5-72
12-->src/main/AndroidManifest.xml:6:22-69
13    <uses-permission android:name="android.permission.SYSTEM_ALERT_WINDOW" />
13-->src/main/AndroidManifest.xml:7:5-78
13-->src/main/AndroidManifest.xml:7:22-75
14    <uses-permission android:name="android.permission.READ_SETTINGS" />
14-->src/main/AndroidManifest.xml:8:5-72
14-->src/main/AndroidManifest.xml:8:22-69
15    <uses-permission android:name="android.permission.WRITE_EXTERNAL_STORAGE" />
15-->src/main/AndroidManifest.xml:9:5-81
15-->src/main/AndroidManifest.xml:9:22-78
16    <uses-permission android:name="android.permission.WRITE_SETTINGS" />
16-->src/main/AndroidManifest.xml:10:5-73
16-->src/main/AndroidManifest.xml:10:22-70
17    <uses-permission android:name="android.permission.WRITE_SECURE_SETTINGS" />
17-->src/main/AndroidManifest.xml:11:5-80
17-->src/main/AndroidManifest.xml:11:22-77
18    <uses-permission android:name="android.permission.DEVICE_POWER" />
18-->src/main/AndroidManifest.xml:12:5-71
18-->src/main/AndroidManifest.xml:12:22-68
19    <uses-permission android:name="android.permission.CHANGE_CONFIGURATION" />
19-->src/main/AndroidManifest.xml:13:5-79
19-->src/main/AndroidManifest.xml:13:22-76
20    <uses-permission android:name="android.permission.MOUNT_UNMOUNT_FILESYSTEMS" />
20-->src/main/AndroidManifest.xml:14:5-84
20-->src/main/AndroidManifest.xml:14:22-81
21    <uses-permission android:name="android.permission.VIBRATE" />
21-->src/main/AndroidManifest.xml:15:5-66
21-->src/main/AndroidManifest.xml:15:22-63
22    <uses-permission android:name="android.permission.BLUETOOTH" />
22-->src/main/AndroidManifest.xml:16:5-68
22-->src/main/AndroidManifest.xml:16:22-65
23    <uses-permission android:name="android.permission.BLUETOOTH_ADMIN" />
23-->src/main/AndroidManifest.xml:17:5-74
23-->src/main/AndroidManifest.xml:17:22-71
24    <uses-permission android:name="android.permission.NFC" />
24-->src/main/AndroidManifest.xml:18:5-62
24-->src/main/AndroidManifest.xml:18:22-59
25    <uses-permission android:name="android.permission.HARDWARE_TEST" />
25-->src/main/AndroidManifest.xml:19:5-72
25-->src/main/AndroidManifest.xml:19:22-69
26    <uses-permission android:name="android.permission.CALL_PHONE" />
26-->src/main/AndroidManifest.xml:20:5-69
26-->src/main/AndroidManifest.xml:20:22-66
27    <uses-permission android:name="android.permission.MODIFY_AUDIO_SETTINGS" />
27-->src/main/AndroidManifest.xml:21:5-80
27-->src/main/AndroidManifest.xml:21:22-77
28    <uses-permission android:name="android.permission.MASTER_CLEAR" />
28-->src/main/AndroidManifest.xml:22:5-71
28-->src/main/AndroidManifest.xml:22:22-68
29    <uses-permission android:name="android.permission.USE_CREDENTIALS" />
29-->src/main/AndroidManifest.xml:23:5-74
29-->src/main/AndroidManifest.xml:23:22-71
30    <uses-permission android:name="com.google.android.googleapps.permission.GOOGLE_AUTH" />
30-->src/main/AndroidManifest.xml:24:5-92
30-->src/main/AndroidManifest.xml:24:22-89
31    <uses-permission android:name="android.permission.ACCESS_DOWNLOAD_MANAGER" />
31-->src/main/AndroidManifest.xml:25:5-82
31-->src/main/AndroidManifest.xml:25:22-79
32    <uses-permission android:name="android.permission.READ_CONTACTS" />
32-->src/main/AndroidManifest.xml:26:5-72
32-->src/main/AndroidManifest.xml:26:22-69
33    <uses-permission android:name="android.permission.WRITE_CONTACTS" />
33-->src/main/AndroidManifest.xml:27:5-73
33-->src/main/AndroidManifest.xml:27:22-70
34    <uses-permission android:name="android.permission.ACCESS_NETWORK_STATE" />
34-->src/main/AndroidManifest.xml:28:5-79
34-->src/main/AndroidManifest.xml:28:22-76
35    <uses-permission android:name="android.permission.ACCESS_WIMAX_STATE" />
35-->src/main/AndroidManifest.xml:29:5-77
35-->src/main/AndroidManifest.xml:29:22-74
36    <uses-permission android:name="android.permission.CHANGE_WIMAX_STATE" />
36-->src/main/AndroidManifest.xml:30:5-77
36-->src/main/AndroidManifest.xml:30:22-74
37    <uses-permission android:name="android.permission.ACCESS_WIFI_STATE" />
37-->src/main/AndroidManifest.xml:31:5-76
37-->src/main/AndroidManifest.xml:31:22-73
38    <uses-permission android:name="android.permission.CHANGE_WIFI_STATE" />
38-->src/main/AndroidManifest.xml:32:5-76
38-->src/main/AndroidManifest.xml:32:22-73
39    <uses-permission android:name="android.permission.INTERNET" />
39-->src/main/AndroidManifest.xml:33:5-67
39-->src/main/AndroidManifest.xml:33:22-64
40    <uses-permission android:name="android.permission.CLEAR_APP_USER_DATA" />
40-->src/main/AndroidManifest.xml:34:5-78
40-->src/main/AndroidManifest.xml:34:22-75
41    <uses-permission android:name="android.permission.READ_PHONE_STATE" />
41-->src/main/AndroidManifest.xml:35:5-75
41-->src/main/AndroidManifest.xml:35:22-72
42    <uses-permission android:name="android.permission.MODIFY_PHONE_STATE" />
42-->src/main/AndroidManifest.xml:36:5-77
42-->src/main/AndroidManifest.xml:36:22-74
43    <uses-permission android:name="android.permission.ACCESS_COARSE_LOCATION" />
43-->src/main/AndroidManifest.xml:37:5-81
43-->src/main/AndroidManifest.xml:37:22-78
44    <uses-permission android:name="android.permission.WRITE_APN_SETTINGS" />
44-->src/main/AndroidManifest.xml:38:5-77
44-->src/main/AndroidManifest.xml:38:22-74
45    <uses-permission android:name="android.permission.ACCESS_CHECKIN_PROPERTIES" />
45-->src/main/AndroidManifest.xml:39:5-84
45-->src/main/AndroidManifest.xml:39:22-81
46    <uses-permission android:name="android.permission.READ_USER_DICTIONARY" />
46-->src/main/AndroidManifest.xml:40:5-79
46-->src/main/AndroidManifest.xml:40:22-76
47    <uses-permission android:name="android.permission.WRITE_USER_DICTIONARY" />
47-->src/main/AndroidManifest.xml:41:5-80
47-->src/main/AndroidManifest.xml:41:22-77
48    <uses-permission android:name="android.permission.FORCE_STOP_PACKAGES" />
48-->src/main/AndroidManifest.xml:42:5-78
48-->src/main/AndroidManifest.xml:42:22-75
49    <uses-permission android:name="android.permission.PACKAGE_USAGE_STATS" />
49-->src/main/AndroidManifest.xml:43:5-78
49-->src/main/AndroidManifest.xml:43:22-75
50    <uses-permission android:name="android.permission.BATTERY_STATS" />
50-->src/main/AndroidManifest.xml:44:5-72
50-->src/main/AndroidManifest.xml:44:22-69
51    <uses-permission android:name="com.android.launcher.permission.READ_SETTINGS" />
51-->src/main/AndroidManifest.xml:45:5-85
51-->src/main/AndroidManifest.xml:45:22-82
52    <uses-permission android:name="com.android.launcher.permission.WRITE_SETTINGS" />
52-->src/main/AndroidManifest.xml:46:5-86
52-->src/main/AndroidManifest.xml:46:22-83
53    <uses-permission android:name="android.permission.MOVE_PACKAGE" />
53-->src/main/AndroidManifest.xml:47:5-71
53-->src/main/AndroidManifest.xml:47:22-68
54    <uses-permission android:name="android.permission.USE_CREDENTIALS" />
54-->src/main/AndroidManifest.xml:23:5-74
54-->src/main/AndroidManifest.xml:23:22-71
55    <uses-permission android:name="android.permission.BACKUP" />
55-->src/main/AndroidManifest.xml:49:5-65
55-->src/main/AndroidManifest.xml:49:22-62
56    <uses-permission android:name="android.permission.READ_SYNC_SETTINGS" />
56-->src/main/AndroidManifest.xml:50:5-77
56-->src/main/AndroidManifest.xml:50:22-74
57    <uses-permission android:name="android.permission.WRITE_SYNC_SETTINGS" />
57-->src/main/AndroidManifest.xml:51:5-78
57-->src/main/AndroidManifest.xml:51:22-75
58    <uses-permission android:name="android.permission.READ_SYNC_STATS" />
58-->src/main/AndroidManifest.xml:52:5-74
58-->src/main/AndroidManifest.xml:52:22-71
59    <uses-permission android:name="android.permission.READ_SYNC_SETTINGS" />
59-->src/main/AndroidManifest.xml:50:5-77
59-->src/main/AndroidManifest.xml:50:22-74
60    <uses-permission android:name="android.permission.WRITE_SYNC_SETTINGS" />
60-->src/main/AndroidManifest.xml:51:5-78
60-->src/main/AndroidManifest.xml:51:22-75
61    <uses-permission android:name="android.permission.STATUS_BAR" />
61-->src/main/AndroidManifest.xml:55:5-69
61-->src/main/AndroidManifest.xml:55:22-66
62    <uses-permission android:name="android.permission.MANAGE_USB" />
62-->src/main/AndroidManifest.xml:56:5-69
62-->src/main/AndroidManifest.xml:56:22-66
63    <uses-permission android:name="android.permission.SET_POINTER_SPEED" />
63-->src/main/AndroidManifest.xml:57:5-76
63-->src/main/AndroidManifest.xml:57:22-73
64    <uses-permission android:name="com.android.voicemail.permission.ADD_VOICEMAIL" />
64-->src/main/AndroidManifest.xml:58:5-86
64-->src/main/AndroidManifest.xml:58:22-83
65    <uses-permission android:name="android.permission.SET_ORIENTATION" />
65-->src/main/AndroidManifest.xml:59:5-74
65-->src/main/AndroidManifest.xml:59:22-71
66    <uses-permission android:name="android.permission.WAKE_LOCK" />
66-->src/main/AndroidManifest.xml:60:5-68
66-->src/main/AndroidManifest.xml:60:22-65
67    <uses-permission android:name="android.permission.GET_PACKAGE_SIZE" />
67-->src/main/AndroidManifest.xml:61:5-75
67-->src/main/AndroidManifest.xml:61:22-72
68    <uses-permission android:name="android.permission.GET_TASKS" />
68-->src/main/AndroidManifest.xml:62:5-68
68-->src/main/AndroidManifest.xml:62:22-65
69    <uses-permission android:name="android.permission.READ_EXTERNAL_STORAGE" />
69-->src/main/AndroidManifest.xml:63:5-80
69-->src/main/AndroidManifest.xml:63:22-77
70    <uses-permission android:name="android.permission.RESTART_PACKAGES" />
70-->src/main/AndroidManifest.xml:64:5-75
70-->src/main/AndroidManifest.xml:64:22-72
71    <uses-permission android:name="android.permission.RECEIVE_BOOT_COMPLETED" /> <!-- DB Operation change to ContentProvider start -->
71-->src/main/AndroidManifest.xml:65:5-81
71-->src/main/AndroidManifest.xml:65:22-78
72    <uses-permission android:name="com.mstar.android.permissionn.ACCESS_TV_DATA" /> <!-- DB Operation change to ContentProvider end -->
72-->src/main/AndroidManifest.xml:66:5-84
72-->src/main/AndroidManifest.xml:66:22-81
73    <uses-permission android:name="android.permission.READ_MEDIA_STORAGE" />
73-->src/main/AndroidManifest.xml:67:5-77
73-->src/main/AndroidManifest.xml:67:22-74
74    <uses-permission android:name="android.permission.WRITE_MEDIA_STORAGE" />
74-->src/main/AndroidManifest.xml:68:5-78
74-->src/main/AndroidManifest.xml:68:22-75
75    <uses-permission android:name="android.permission.KILL_BACKGROUND_PROCESSES" /> <!-- google account permission -->
75-->src/main/AndroidManifest.xml:69:5-84
75-->src/main/AndroidManifest.xml:69:22-81
76    <uses-permission android:name="android.permission.MANAGE_ACCOUNTS" />
76-->src/main/AndroidManifest.xml:70:5-74
76-->src/main/AndroidManifest.xml:70:22-71
77    <uses-permission android:name="android.permission.GET_ACCOUNTS" />
77-->src/main/AndroidManifest.xml:71:5-71
77-->src/main/AndroidManifest.xml:71:22-68
78    <uses-permission android:name="android.permission.AUTHENTICATE_ACCOUNTS" />
78-->src/main/AndroidManifest.xml:72:5-80
78-->src/main/AndroidManifest.xml:72:22-77
79
80    <application
80-->src/main/AndroidManifest.xml:74:5-90:19
81        android:allowBackup="true"
81-->src/main/AndroidManifest.xml:75:9-35
82        android:excludeFromRecents="true"
82-->src/main/AndroidManifest.xml:76:9-42
83        android:icon="@mipmap/ic_launcher"
83-->src/main/AndroidManifest.xml:77:9-43
84        android:label="@string/app_name"
84-->src/main/AndroidManifest.xml:78:9-41
85        android:persistent="true"
85-->src/main/AndroidManifest.xml:79:9-34
86        android:roundIcon="@mipmap/ic_launcher_round"
86-->src/main/AndroidManifest.xml:80:9-54
87        android:supportsRtl="true"
87-->src/main/AndroidManifest.xml:81:9-35
88        android:testOnly="false"
88-->src/main/AndroidManifest.xml:82:9-33
89        android:theme="@style/AppTheme.NoActionBar" >
89-->src/main/AndroidManifest.xml:83:9-52
90        <activity
90-->src/main/AndroidManifest.xml:84:9-86:80
91            android:name="com.ctv.settings.rescommon.BaseActivity"
91-->src/main/AndroidManifest.xml:85:13-67
92            android:theme="@style/AppTheme.NoActionBar.NoActionBar" />
92-->src/main/AndroidManifest.xml:86:13-68
93        <activity android:name="com.ctv.settings.device.DeviceNameActivity" />
93-->src/main/AndroidManifest.xml:87:9-79
93-->src/main/AndroidManifest.xml:87:19-76
94        <activity android:name="com.ctv.settings.device.ThemeBgActvity" />
94-->src/main/AndroidManifest.xml:88:9-75
94-->src/main/AndroidManifest.xml:88:19-72
95        <activity android:name="com.ctv.settings.device.ThemeStyleActvity" />
95-->src/main/AndroidManifest.xml:89:9-78
95-->src/main/AndroidManifest.xml:89:19-75
96    </application>
97
98</manifest>